[2025-06-02 14:48:20] Devices connected:


Status       : OK
Class        : USB
FriendlyName : USB4(TM) Host Router (Microsoft)
InstanceId   : PCI\VEN_8086&DEV_463E&SUBSYS_380617AA&REV_04&USB4_MS_CM\3&115836
               59&1&6A

Status       : OK
Class        : USB
FriendlyName : USB4 Root Router (1.0)
InstanceId   : USB4\ROOT_DEVICE_ROUTER&VID_8086&PID_463E\4&ABE7560&0&0




--------------------------------------------------
[2025-06-02 16:01:56] Devices connected:


Status       : OK
Class        : USB
FriendlyName : USB4(TM) Host Router (Microsoft)
InstanceId   : PCI\VEN_8086&DEV_463E&SUBSYS_380617AA&REV_04&USB4_MS_CM\3&11583659&1&6A

Status       : OK
Class        : USB
FriendlyName : USB4 Root Router (1.0)
InstanceId   : USB4\ROOT_DEVICE_ROUTER&VID_8086&PID_463E\4&ABE7560&0&0




--------------------------------------------------
[2025-06-03 08:35:05] Devices connected:


Status       : OK
Class        : USB
FriendlyName : USB4(TM) Host Router (Microsoft)
InstanceId   : PCI\VEN_8086&DEV_463E&SUBSYS_380617AA&REV_04&USB4_MS_CM\3&11583659&1&6A

Status       : OK
Class        : USB
FriendlyName : USB4 Root Router (1.0)
InstanceId   : USB4\ROOT_DEVICE_ROUTER&VID_8086&PID_463E\4&ABE7560&0&0




--------------------------------------------------
[2025-06-03 09:04:52] Devices connected:


Status       : OK
Class        : USB
FriendlyName : USB4(TM) Host Router (Microsoft)
InstanceId   : PCI\VEN_8086&DEV_463E&SUBSYS_380617AA&REV_04&USB4_MS_CM\3&11583659&1&6A

Status       : OK
Class        : USB
FriendlyName : USB4 Root Router (1.0)
InstanceId   : USB4\ROOT_DEVICE_ROUTER&VID_8086&PID_463E\4&ABE7560&0&0




--------------------------------------------------
[2025-06-03 09:05:31] Devices connected:


Status       : OK
Class        : USB
FriendlyName : USB4(TM) Host Router (Microsoft)
InstanceId   : PCI\VEN_8086&DEV_463E&SUBSYS_380617AA&REV_04&USB4_MS_CM\3&11583659&1&6A

Status       : OK
Class        : USB
FriendlyName : USB4 Root Router (1.0)
InstanceId   : USB4\ROOT_DEVICE_ROUTER&VID_8086&PID_463E\4&ABE7560&0&0




--------------------------------------------------
[2025-06-03 09:15:00] Devices connected:


Status       : OK
Class        : USB
FriendlyName : USB4(TM) Host Router (Microsoft)
InstanceId   : PCI\VEN_8086&DEV_463E&SUBSYS_380617AA&REV_04&USB4_MS_CM\3&11583659&1&6A

Status       : OK
Class        : USB
FriendlyName : USB4 Root Router (1.0)
InstanceId   : USB4\ROOT_DEVICE_ROUTER&VID_8086&PID_463E\4&ABE7560&0&0




--------------------------------------------------
[2025-06-03 09:15:36] Devices connected:


Status       : OK
Class        : USB
FriendlyName : USB4(TM) Host Router (Microsoft)
InstanceId   : PCI\VEN_8086&DEV_463E&SUBSYS_380617AA&REV_04&USB4_MS_CM\3&11583659&1&6A

Status       : OK
Class        : USB
FriendlyName : USB4 Root Router (1.0)
InstanceId   : USB4\ROOT_DEVICE_ROUTER&VID_8086&PID_463E\4&ABE7560&0&0




--------------------------------------------------
[2025-06-03 10:13:24] Devices connected:


Status       : OK
Class        : USB
FriendlyName : USB4(TM) Host Router (Microsoft)
InstanceId   : PCI\VEN_8086&DEV_463E&SUBSYS_380617AA&REV_04&USB4_MS_CM\3&11583659&1&6A

Status       : OK
Class        : USB
FriendlyName : USB4 Root Router (1.0)
InstanceId   : USB4\ROOT_DEVICE_ROUTER&VID_8086&PID_463E\4&ABE7560&0&0




--------------------------------------------------
[2025-06-03 11:03:55] Devices connected:


Status       : OK
Class        : USB
FriendlyName : USB4(TM) Host Router (Microsoft)
InstanceId   : PCI\VEN_8086&DEV_463E&SUBSYS_380617AA&REV_04&USB4_MS_CM\3&11583659&1&6A

Status       : OK
Class        : USB
FriendlyName : USB4 Root Router (1.0)
InstanceId   : USB4\ROOT_DEVICE_ROUTER&VID_8086&PID_463E\4&ABE7560&0&0




--------------------------------------------------
[2025-06-17 19:36:46] Devices connected:


Status       : OK
Class        : USB
FriendlyName : USB4(TM) Host Router (Microsoft)
InstanceId   : PCI\VEN_8086&DEV_463E&SUBSYS_380617AA&REV_04&USB4_MS_CM\3&11583659&1&6A

Status       : OK
Class        : USB
FriendlyName : USB4 Root Router (1.0)
InstanceId   : USB4\ROOT_DEVICE_ROUTER&VID_8086&PID_463E\4&ABE7560&0&0




--------------------------------------------------
